<?xml version="1.0" encoding="UTF-8"?>
<!-- Generated by org.testng.reporters.JUnitReportReporter -->
<testsuite skipped="0" hostname="Priyank-PC" name="com.yourinfo.testcases.HomePageTest" tests="9" failures="0" timestamp="2021-02-07T21:14:35 IST" time="124.020" errors="0">
  <testcase name="clickonAdmin" time="17.660" classname="com.yourinfo.testcases.HomePageTest"/>
  <system-out/>
  <testcase name="UserName" time="11.967" classname="com.yourinfo.testcases.HomePageTest"/>
  <system-out/>
  <testcase name="GeneralSearch" time="12.601" classname="com.yourinfo.testcases.HomePageTest"/>
  <system-out/>
  <testcase name="ClickOnTools" time="12.834" classname="com.yourinfo.testcases.HomePageTest"/>
  <system-out/>
  <testcase name="clickonSpec" time="13.145" classname="com.yourinfo.testcases.HomePageTest"/>
  <system-out/>
  <testcase name="clickonValuation" time="14.738" classname="com.yourinfo.testcases.HomePageTest"/>
  <system-out/>
  <testcase name="clickonRental" time="14.109" classname="com.yourinfo.testcases.HomePageTest"/>
  <system-out/>
  <testcase name="clickReport" time="16.370" classname="com.yourinfo.testcases.HomePageTest"/>
  <system-out/>
  <testcase name="Versionnumber" time="10.596" classname="com.yourinfo.testcases.HomePageTest"/>
  <system-out/>
</testsuite> <!-- com.yourinfo.testcases.HomePageTest -->
