<?xml version="1.0" encoding="UTF-8"?>
<!-- Generated by org.testng.reporters.JUnitReportReporter -->
<testsuite skipped="0" hostname="Priyank-PC" name="com.yourinfo.ExtentReportListener.YIExtentReport" tests="1" failures="0" timestamp="2021-02-07T22:07:08 IST" time="19.226" errors="0">
  <testcase name="InitialDemo" time="19.226" classname="com.yourinfo.ExtentReportListener.YIExtentReport"/>
  <system-out/>
</testsuite> <!-- com.yourinfo.ExtentReportListener.YIExtentReport -->
