<?xml version="1.0" encoding="UTF-8"?>
<!-- Generated by org.testng.reporters.JUnitReportReporter -->
<testsuite skipped="0" hostname="Priyank-PC" name="ExtentReport.ExtentReportDemo" tests="1" failures="0" timestamp="2021-02-07T21:40:42 IST" time="12.456" errors="0">
  <testcase name="initialDemo" time="12.456" classname="ExtentReport.ExtentReportDemo"/>
  <system-out/>
</testsuite> <!-- ExtentReport.ExtentReportDemo -->
