<?xml version="1.0" encoding="UTF-8"?>
<!-- Generated by org.testng.reporters.JUnitReportReporter -->
<testsuite skipped="0" hostname="Priyank-PC" name="com.yourinfo.testcases.SearchPageTest" tests="11" failures="0" timestamp="2021-02-07T21:14:35 IST" time="216.113" errors="0">
  <testcase name="cickonLandMark" time="17.560" classname="com.yourinfo.testcases.SearchPageTest"/>
  <system-out/>
  <testcase name="BuildingDorpdown" time="27.808" classname="com.yourinfo.testcases.SearchPageTest"/>
  <system-out/>
  <testcase name="GensearchByBuilding" time="27.580" classname="com.yourinfo.testcases.SearchPageTest"/>
  <system-out/>
  <testcase name="clickonGenSearch" time="13.700" classname="com.yourinfo.testcases.SearchPageTest"/>
  <system-out/>
  <testcase name="clickonAdvSeachbyOwner" time="13.692" classname="com.yourinfo.testcases.SearchPageTest"/>
  <system-out/>
  <testcase name="clickonSearchByDeveloper" time="13.234" classname="com.yourinfo.testcases.SearchPageTest"/>
  <system-out/>
  <testcase name="clickonProject" time="12.579" classname="com.yourinfo.testcases.SearchPageTest"/>
  <system-out/>
  <testcase name="clickonMajorProject" time="13.995" classname="com.yourinfo.testcases.SearchPageTest"/>
  <system-out/>
  <testcase name="AssertBuildName" time="23.317" classname="com.yourinfo.testcases.SearchPageTest"/>
  <system-out/>
  <testcase name="AssertBuildName" time="25.379" classname="com.yourinfo.testcases.SearchPageTest"/>
  <system-out/>
  <testcase name="AssertBuildName" time="27.269" classname="com.yourinfo.testcases.SearchPageTest"/>
  <system-out/>
</testsuite> <!-- com.yourinfo.testcases.SearchPageTest -->
