<?xml version="1.0" encoding="UTF-8"?>
<!-- Generated by org.testng.reporters.JUnitReportReporter -->
<testsuite skipped="0" hostname="Priyank-PC" name="com.yourinfo.testcases.HomePageTest" tests="9" failures="0" timestamp="2021-03-08T16:28:19 IST" time="128.490" errors="0">
  <testcase name="clickonAdmin" time="18.437" classname="com.yourinfo.testcases.HomePageTest"/>
  <system-out/>
  <testcase name="UserName" time="14.850" classname="com.yourinfo.testcases.HomePageTest"/>
  <system-out/>
  <testcase name="GeneralSearch" time="14.736" classname="com.yourinfo.testcases.HomePageTest"/>
  <system-out/>
  <testcase name="ClickOnTools" time="12.472" classname="com.yourinfo.testcases.HomePageTest"/>
  <system-out/>
  <testcase name="clickonSpec" time="14.763" classname="com.yourinfo.testcases.HomePageTest"/>
  <system-out/>
  <testcase name="clickonValuation" time="13.456" classname="com.yourinfo.testcases.HomePageTest"/>
  <system-out/>
  <testcase name="clickonRental" time="16.274" classname="com.yourinfo.testcases.HomePageTest"/>
  <system-out/>
  <testcase name="clickReport" time="12.769" classname="com.yourinfo.testcases.HomePageTest"/>
  <system-out/>
  <testcase name="Versionnumber" time="10.733" classname="com.yourinfo.testcases.HomePageTest"/>
  <system-out/>
</testsuite> <!-- com.yourinfo.testcases.HomePageTest -->
