<?xml version="1.0" encoding="UTF-8"?>
<!-- Generated by org.testng.reporters.JUnitReportReporter -->
<testsuite skipped="1" hostname="Priyank-PC" name="com.yourinfo.testcases.SearchPageTest" tests="11" failures="0" timestamp="2021-03-08T16:28:19 IST" time="216.423" errors="0">
  <testcase name="BuildingDorpdown" time="30.941" classname="com.yourinfo.testcases.SearchPageTest"/>
  <system-out/>
  <testcase name="GensearchByBuilding" time="27.550" classname="com.yourinfo.testcases.SearchPageTest"/>
  <system-out/>
  <testcase name="clickonGenSearch" time="14.541" classname="com.yourinfo.testcases.SearchPageTest"/>
  <system-out/>
  <testcase name="clickonAdvSeachbyOwner" time="13.783" classname="com.yourinfo.testcases.SearchPageTest"/>
  <system-out/>
  <testcase name="clickonSearchByDeveloper" time="13.294" classname="com.yourinfo.testcases.SearchPageTest"/>
  <system-out/>
  <testcase name="clickonProject" time="20.092" classname="com.yourinfo.testcases.SearchPageTest"/>
  <system-out/>
  <testcase name="clickonMajorProject" time="12.901" classname="com.yourinfo.testcases.SearchPageTest"/>
  <system-out/>
  <testcase name="AssertBuildName" time="29.376" classname="com.yourinfo.testcases.SearchPageTest"/>
  <system-out/>
  <testcase name="AssertBuildName" time="25.430" classname="com.yourinfo.testcases.SearchPageTest"/>
  <system-out/>
  <testcase name="AssertBuildName" time="28.515" classname="com.yourinfo.testcases.SearchPageTest"/>
  <system-out/>
  <testcase name="cickonLandMark" classname="com.yourinfo.testcases.SearchPageTest">
    <skipped/>
  </testcase> <!-- cickonLandMark -->
  <system-out/>
</testsuite> <!-- com.yourinfo.testcases.SearchPageTest -->
