<?xml version="1.0" encoding="UTF-8"?>
<!-- Generated by org.testng.reporters.JUnitReportReporter -->
<testsuite name="ExtentReport.YIExtentReport" tests="1" time="16.414" ignored="0" failures="0" timestamp="07 Feb 2021 06:09:03 GMT" skipped="0" hostname="Priyank-PC" errors="0">
  <testcase name="initialDemo" time="16.414" classname="ExtentReport.YIExtentReport"/>
</testsuite> <!-- ExtentReport.YIExtentReport -->
