<?xml version="1.0" encoding="UTF-8"?>
<!-- Generated by org.testng.reporters.JUnitReportReporter -->
<testsuite skipped="0" hostname="Priyank-PC" name="com.yourinfo.testcases.HomePageTest" tests="9" failures="0" timestamp="2021-02-11T11:35:31 IST" time="162.185" errors="0">
  <testcase name="clickonAdmin" time="16.268" classname="com.yourinfo.testcases.HomePageTest"/>
  <system-out/>
  <testcase name="UserName" time="23.433" classname="com.yourinfo.testcases.HomePageTest"/>
  <system-out/>
  <testcase name="GeneralSearch" time="19.560" classname="com.yourinfo.testcases.HomePageTest"/>
  <system-out/>
  <testcase name="ClickOnTools" time="16.157" classname="com.yourinfo.testcases.HomePageTest"/>
  <system-out/>
  <testcase name="clickonSpec" time="16.975" classname="com.yourinfo.testcases.HomePageTest"/>
  <system-out/>
  <testcase name="clickonValuation" time="17.618" classname="com.yourinfo.testcases.HomePageTest"/>
  <system-out/>
  <testcase name="clickonRental" time="18.442" classname="com.yourinfo.testcases.HomePageTest"/>
  <system-out/>
  <testcase name="clickReport" time="14.547" classname="com.yourinfo.testcases.HomePageTest"/>
  <system-out/>
  <testcase name="Versionnumber" time="19.185" classname="com.yourinfo.testcases.HomePageTest"/>
  <system-out/>
</testsuite> <!-- com.yourinfo.testcases.HomePageTest -->
