<?xml version="1.0" encoding="UTF-8"?>
<!-- Generated by org.testng.reporters.JUnitReportReporter -->
<testsuite skipped="0" hostname="Priyank-PC" name="com.yourinfo.testcases.SearchPageTest" tests="11" failures="0" timestamp="2021-02-11T11:35:31 IST" time="234.529" errors="0">
  <testcase name="cickonLandMark" time="22.447" classname="com.yourinfo.testcases.SearchPageTest"/>
  <system-out/>
  <testcase name="BuildingDorpdown" time="29.482" classname="com.yourinfo.testcases.SearchPageTest"/>
  <system-out/>
  <testcase name="GensearchByBuilding" time="24.867" classname="com.yourinfo.testcases.SearchPageTest"/>
  <system-out/>
  <testcase name="clickonGenSearch" time="16.282" classname="com.yourinfo.testcases.SearchPageTest"/>
  <system-out/>
  <testcase name="clickonAdvSeachbyOwner" time="16.146" classname="com.yourinfo.testcases.SearchPageTest"/>
  <system-out/>
  <testcase name="clickonSearchByDeveloper" time="16.663" classname="com.yourinfo.testcases.SearchPageTest"/>
  <system-out/>
  <testcase name="clickonProject" time="13.051" classname="com.yourinfo.testcases.SearchPageTest"/>
  <system-out/>
  <testcase name="clickonMajorProject" time="15.970" classname="com.yourinfo.testcases.SearchPageTest"/>
  <system-out/>
  <testcase name="AssertBuildName" time="27.273" classname="com.yourinfo.testcases.SearchPageTest"/>
  <system-out/>
  <testcase name="AssertBuildName" time="25.283" classname="com.yourinfo.testcases.SearchPageTest"/>
  <system-out/>
  <testcase name="AssertBuildName" time="27.065" classname="com.yourinfo.testcases.SearchPageTest"/>
  <system-out/>
</testsuite> <!-- com.yourinfo.testcases.SearchPageTest -->
