<?xml version="1.0" encoding="UTF-8"?>
<!-- Generated by org.testng.reporters.JUnitReportReporter -->
<testsuite skipped="0" hostname="Priyank-PC" name="com.yourinfo.testcases.LoginPageTest" tests="1" failures="0" timestamp="2021-03-08T16:28:19 IST" time="15.126" errors="0">
  <testcase name="loginTest" time="15.126" classname="com.yourinfo.testcases.LoginPageTest"/>
  <system-out/>
</testsuite> <!-- com.yourinfo.testcases.LoginPageTest -->
