<?xml version="1.0" encoding="UTF-8"?>
<!-- Generated by org.testng.reporters.JUnitReportReporter -->
<testsuite skipped="0" hostname="Priyank-PC" name="com.yourinfo.testcases.LoginPageTest" tests="1" failures="0" timestamp="2021-02-07T22:21:52 IST" time="14.661" errors="0">
  <testcase name="loginTest" time="14.661" classname="com.yourinfo.testcases.LoginPageTest"/>
  <system-out/>
</testsuite> <!-- com.yourinfo.testcases.LoginPageTest -->
